
> backend@0.1.0 develop
> strapi develop

- Cleaning dist dir /Volumes/wwx/dev/WebProjects/aibianx/backend/dist
âœ” Cleaning dist dir (5ms)
- Loading Strapi
- Building build context

[INFO] Including the following ENV variables as part of the JS bundle:
    - ADMIN_PATH
    - STRAPI_ADMIN_BACKEND_URL
    - STRAPI_TELEMETRY_DISABLED
    - STRAPI_ANALYTICS_URL
âœ” Building build context (43ms)
- Creating admin
âœ” Creating admin (176ms)
âœ” Loading Strapi (1160ms)
- Generating types
âœ” Generating types (129ms)
- Compiling TS
- Cleaning dist dir /Volumes/wwx/dev/WebProjects/aibianx/backend/dist
âœ” Cleaning dist dir (3ms)
âœ” Compiling TS (835ms)

 Project information

[90mâ”Œâ”€â”€â”€â”€â”€â”€â”€â”€â”€â”€â”€â”€â”€â”€â”€â”€â”€â”€â”€â”€[39m[90mâ”¬â”€â”€â”€â”€â”€â”€â”€â”€â”€â”€â”€â”€â”€â”€â”€â”€â”€â”€â”€â”€â”€â”€â”€â”€â”€â”€â”€â”€â”€â”€â”€â”€â”€â”€â”€â”€â”€â”€â”€â”€â”€â”€â”€â”€â”€â”€â”€â”€â”€â”€â”[39m
[90mâ”‚[39m Time               [90mâ”‚[39m Tue Jul 29 2025 23:15:23 GMT+0800 (ä¸­å›½æ ‡å‡†æ—¶é—´) [90mâ”‚[39m
[90mâ”‚[39m Launched in        [90mâ”‚[39m 2139 ms                                          [90mâ”‚[39m
[90mâ”‚[39m Environment        [90mâ”‚[39m development                                      [90mâ”‚[39m
[90mâ”‚[39m Process PID        [90mâ”‚[39m 55032                                            [90mâ”‚[39m
[90mâ”‚[39m Version            [90mâ”‚[39m 5.19.0 (node v20.19.3)                           [90mâ”‚[39m
[90mâ”‚[39m Edition            [90mâ”‚[39m Community                                        [90mâ”‚[39m
[90mâ”‚[39m Database           [90mâ”‚[39m postgres                                         [90mâ”‚[39m
[90mâ”‚[39m Database name      [90mâ”‚[39m aibianx_dev                                      [90mâ”‚[39m
[90mâ”‚[39m Database schema    [90mâ”‚[39m public                                           [90mâ”‚[39m
[90mâ””â”€â”€â”€â”€â”€â”€â”€â”€â”€â”€â”€â”€â”€â”€â”€â”€â”€â”€â”€â”€[39m[90mâ”´â”€â”€â”€â”€â”€â”€â”€â”€â”€â”€â”€â”€â”€â”€â”€â”€â”€â”€â”€â”€â”€â”€â”€â”€â”€â”€â”€â”€â”€â”€â”€â”€â”€â”€â”€â”€â”€â”€â”€â”€â”€â”€â”€â”€â”€â”€â”€â”€â”€â”€â”˜[39m

 Actions available

Welcome back!
To access the server âš¡ï¸, go to:
http://localhost:1337

[2025-07-29 23:15:23.574] [32minfo[39m: Strapi started successfully
[2025-07-29 23:15:24.114] [32mhttp[39m: GET /admin (27 ms) 200
[2025-07-29 23:15:33.186] [32mhttp[39m: GET /admin (9 ms) 200
[2025-07-29 23:15:33.287] [32mhttp[39m: GET /admin/project-type (3 ms) 200
[2025-07-29 23:15:33.317] [32mhttp[39m: GET /admin/init (9 ms) 200
[2025-07-29 23:15:33.336] [32mhttp[39m: POST /admin/renew-token (11 ms) 200
[2025-07-29 23:15:33.343] [32mhttp[39m: POST /admin/renew-token (1 ms) 200
[2025-07-29 23:15:33.353] [32mhttp[39m: GET /admin/users/me (40 ms) 200
[2025-07-29 23:15:33.362] [32mhttp[39m: GET /admin/information (38 ms) 200
[2025-07-29 23:15:33.366] [32mhttp[39m: GET /admin/users/me/permissions (46 ms) 200
[2025-07-29 23:15:33.372] [32mhttp[39m: GET /admin/telemetry-properties (33 ms) 200
[2025-07-29 23:15:33.378] [32mhttp[39m: GET /admin/license-limit-information (3 ms) 200
[2025-07-29 23:15:33.450] [32mhttp[39m: GET /content-manager/homepage/recent-documents?action=publish (31 ms) 200
[2025-07-29 23:15:33.453] [31merror[39m: select "document_id", count(distinct "document_id") as "count" from "up_users" limit $1 - column "up_users.document_id" must appear in the GROUP BY clause or be used in an aggregate function
error: select "document_id", count(distinct "document_id") as "count" from "up_users" limit $1 - column "up_users.document_id" must appear in the GROUP BY clause or be used in an aggregate function
    at Parser.parseErrorMessage (/Volumes/wwx/dev/WebProjects/aibianx/backend/node_modules/pg-protocol/dist/parser.js:285:98)
    at Parser.handlePacket (/Volumes/wwx/dev/WebProjects/aibianx/backend/node_modules/pg-protocol/dist/parser.js:122:29)
    at Parser.parse (/Volumes/wwx/dev/WebProjects/aibianx/backend/node_modules/pg-protocol/dist/parser.js:35:38)
    at Socket.<anonymous> (/Volumes/wwx/dev/WebProjects/aibianx/backend/node_modules/pg-protocol/dist/index.js:11:42)
    at Socket.emit (node:events:524:28)
    at Socket.emit (node:domain:489:12)
    at addChunk (node:internal/streams/readable:561:12)
    at readableAddChunkPushByteMode (node:internal/streams/readable:512:3)
    at Readable.push (node:internal/streams/readable:392:5)
    at TCP.onStreamRead (node:internal/stream_base_commons:191:23)
[2025-07-29 23:15:33.454] [32mhttp[39m: GET /content-manager/homepage/count-documents (40 ms) 500
[2025-07-29 23:15:33.461] [32mhttp[39m: GET /content-manager/homepage/recent-documents?action=update (45 ms) 200
[2025-07-29 23:17:18.272] [32mhttp[39m: GET /api/categories (27 ms) 200
[2025-07-29 23:18:05.861] [32mhttp[39m: GET /api/articles (13 ms) 200
[2025-07-29 23:20:41.832] [32mhttp[39m: GET / (32 ms) 302
[2025-07-29 23:20:41.863] [32mhttp[39m: GET /admin (10 ms) 200
[2025-07-29 23:20:42.211] [32mhttp[39m: GET /admin/project-type (4 ms) 200
[2025-07-29 23:20:42.277] [32mhttp[39m: POST /admin/renew-token (3 ms) 200
[2025-07-29 23:20:42.281] [32mhttp[39m: GET /admin/init (22 ms) 200
[2025-07-29 23:20:42.284] [32mhttp[39m: POST /admin/renew-token (2 ms) 200
[2025-07-29 23:20:42.297] [32mhttp[39m: GET /admin/users/me (31 ms) 200
[2025-07-29 23:20:42.307] [32mhttp[39m: GET /admin/users/me/permissions (39 ms) 200
[2025-07-29 23:20:42.322] [32mhttp[39m: GET /admin/telemetry-properties (33 ms) 200
[2025-07-29 23:20:42.322] [32mhttp[39m: GET /admin/information (36 ms) 200
[2025-07-29 23:20:42.349] [32mhttp[39m: GET /admin/license-limit-information (4 ms) 200
[2025-07-29 23:20:42.428] [32mhttp[39m: GET /content-manager/homepage/recent-documents?action=publish (33 ms) 200
[2025-07-29 23:20:42.438] [32mhttp[39m: GET /content-manager/homepage/recent-documents?action=update (47 ms) 200
[2025-07-29 23:20:42.440] [31merror[39m: select "document_id", count(distinct "document_id") as "count" from "articles" limit $1 - column "articles.document_id" must appear in the GROUP BY clause or be used in an aggregate function
error: select "document_id", count(distinct "document_id") as "count" from "articles" limit $1 - column "articles.document_id" must appear in the GROUP BY clause or be used in an aggregate function
    at Parser.parseErrorMessage (/Volumes/wwx/dev/WebProjects/aibianx/backend/node_modules/pg-protocol/dist/parser.js:285:98)
    at Parser.handlePacket (/Volumes/wwx/dev/WebProjects/aibianx/backend/node_modules/pg-protocol/dist/parser.js:122:29)
    at Parser.parse (/Volumes/wwx/dev/WebProjects/aibianx/backend/node_modules/pg-protocol/dist/parser.js:35:38)
    at Socket.<anonymous> (/Volumes/wwx/dev/WebProjects/aibianx/backend/node_modules/pg-protocol/dist/index.js:11:42)
    at Socket.emit (node:events:524:28)
    at Socket.emit (node:domain:489:12)
    at addChunk (node:internal/streams/readable:561:12)
    at readableAddChunkPushByteMode (node:internal/streams/readable:512:3)
    at Readable.push (node:internal/streams/readable:392:5)
    at TCP.onStreamRead (node:internal/stream_base_commons:191:23)
[2025-07-29 23:20:42.441] [32mhttp[39m: GET /content-manager/homepage/count-documents (56 ms) 500
[2025-07-29 23:20:52.506] [32mhttp[39m: OPTIONS /api/articles?pagination[pageSize]=1 (1 ms) 204
[2025-07-29 23:20:52.507] [32mhttp[39m: OPTIONS /api/articles?pagination[pageSize]=1 (1 ms) 204
[2025-07-29 23:20:52.512] [32mhttp[39m: GET /api/articles?pagination[pageSize]=1 (5 ms) 200
[2025-07-29 23:20:52.519] [32mhttp[39m: OPTIONS /api/articles?pagination%5Bpage%5D=1&pagination%5BpageSize%5D=6&populate%5Bauthor%5D%5Bpopulate%5D=avatar&populate%5Btags%5D=*&populate%5Bcategory%5D=*&populate%5BfeaturedImage%5D=*&sort%5B0%5D=publishedAt%3Adesc (0 ms) 204
[2025-07-29 23:20:52.542] [32mhttp[39m: GET /api/articles?pagination[pageSize]=1 (29 ms) 200
[2025-07-29 23:20:52.559] [32mhttp[39m: GET /api/articles?pagination%5Bpage%5D=1&pagination%5BpageSize%5D=6&populate%5Bauthor%5D%5Bpopulate%5D=avatar&populate%5Btags%5D=*&populate%5Bcategory%5D=*&populate%5BfeaturedImage%5D=*&sort%5B0%5D=publishedAt%3Adesc (33 ms) 400
[2025-07-29 23:20:52.596] [32mhttp[39m: GET /api/articles?pagination%5Bpage%5D=1&pagination%5BpageSize%5D=6&populate%5Bauthor%5D%5Bpopulate%5D=avatar&populate%5Btags%5D=*&populate%5Bcategory%5D=*&populate%5BfeaturedImage%5D=*&sort%5B0%5D=publishedAt%3Adesc (34 ms) 400
[2025-07-29 23:21:17.961] [32mhttp[39m: GET /api/articles (27 ms) 200
[2025-07-29 23:21:36.231] [32mhttp[39m: GET /api/articles?populate=* (28 ms) 200
[2025-07-29 23:24:39.337] [32mhttp[39m: GET /api/articles?pagination[pageSize]=1 (47 ms) 200
[2025-07-29 23:24:39.342] [32mhttp[39m: OPTIONS /api/articles?pagination%5Bpage%5D=1&pagination%5BpageSize%5D=6&populate=*&sort%5B0%5D=publishedAt%3Adesc (1 ms) 204
[2025-07-29 23:24:39.349] [32mhttp[39m: GET /api/articles?pagination[pageSize]=1 (11 ms) 200
[2025-07-29 23:24:39.368] [32mhttp[39m: GET /api/articles?pagination%5Bpage%5D=1&pagination%5BpageSize%5D=6&populate=*&sort%5B0%5D=publishedAt%3Adesc (24 ms) 200
[2025-07-29 23:24:39.401] [32mhttp[39m: GET /api/articles?pagination%5Bpage%5D=1&pagination%5BpageSize%5D=6&populate=*&sort%5B0%5D=publishedAt%3Adesc (32 ms) 200
